<?xml version="1.0" encoding="UTF-8"?>
<!-- Generated by org.testng.reporters.JUnitReportReporter -->
<testsuite hostname="DivyaJyothi" failures="0" tests="3" name="WebSite.Amazon" time="5.347" errors="0" timestamp="2024-12-13T11:56:48 IST" skipped="0">
  <testcase classname="WebSite.Amazon" name="OpenAmazon" time="0.886"/>
  <testcase classname="WebSite.Amazon" name="SearchIphone" time="1.300"/>
  <testcase classname="WebSite.Amazon" name="closeAmazon" time="3.161"/>
</testsuite> <!-- WebSite.Amazon -->
