<?xml version="1.0" encoding="UTF-8"?>
<!-- Generated by org.testng.reporters.JUnitReportReporter -->
<testsuite hostname="DivyaJyothi" failures="0" tests="3" name="WebSite.FlipKart" time="6.217" errors="0" timestamp="2024-12-13T16:54:31 IST" skipped="0">
  <testcase classname="WebSite.FlipKart" name="OpenAmazon" time="1.730"/>
  <testcase classname="WebSite.FlipKart" name="SearchIphone" time="1.349"/>
  <testcase classname="WebSite.FlipKart" name="closeAmazon" time="3.138"/>
</testsuite> <!-- WebSite.FlipKart -->
