<?xml version="1.0" encoding="UTF-8"?>
<!-- Generated by org.testng.reporters.JUnitReportReporter -->
<testsuite hostname="DivyaJyothi" failures="0" tests="1" name="WebSite.vTigerTest" time="9.383" errors="0" timestamp="2024-12-16T12:39:59 IST" skipped="0">
  <testcase classname="WebSite.vTigerTest" name="method" time="9.383"/>
  <system-out/>
</testsuite> <!-- WebSite.vTigerTest -->
